<?xml version="1.0" encoding="UTF-8"?>
<!-- Generated by org.testng.reporters.JUnitReportReporter -->
<testsuite skipped="0" hostname="W10117NXY2" name="Tests.NewTest" tests="1" failures="0" timestamp="10 Jul 2021 09:53:23 GMT" time="23.572" errors="0">
  <testcase name="f" time="23.572" classname="Tests.NewTest"/>
</testsuite> <!-- Tests.NewTest -->
