<?xml version="1.0" encoding="UTF-8"?>
<!-- Generated by org.testng.reporters.JUnitReportReporter -->
<testsuite skipped="0" hostname="W10117NXY2" name="Tests.NewTest" tests="1" failures="0" timestamp="11 Jul 2021 22:42:50 GMT" time="36.485" errors="0">
  <testcase name="f" time="36.485" classname="Tests.NewTest"/>
</testsuite> <!-- Tests.NewTest -->
